
START - automation started - Wed Mar 26 2025 13:37:31 GMT+0900 (?€?œë?êµ??œì???
[info] [phantom] Starting...
[info] [phantom] Running suite: 9 steps
[debug] [phantom] opening url: about:blank, HTTP GET
[debug] [phantom] url changed to ""
[debug] [phantom] Successfully injected Casper client-side utilities
https://the-internet.herokuapp.com/login - The Internet

[info] [phantom] Step anonymous 2/9: done in 4297ms.
type username as tomsmith
[info] [phantom] Step anonymous 3/9: done in 4300ms.
[info] [phantom] Step _step 4/10: done in 4320ms.
[info] [phantom] waitFor() finished in 538ms.
[info] [phantom] Step then 5/11: done in 6040ms.
type password as SuperSecretPassword!
[info] [phantom] Step anonymous 6/11: done in 6042ms.
[info] [phantom] Step _step 7/12: done in 6063ms.
[info] [phantom] waitFor() finished in 231ms.
[info] [phantom] Step then 8/13: done in 8749ms.
click //html/body/div[2]/div/div/form/button
[info] [phantom] Step anonymous 9/13: done in 8751ms.
[info] [phantom] Step _step 10/14: done in 8771ms.
[info] [phantom] waitFor() finished in 126ms.
[info] [phantom] Step then 11/15: done in 9440ms.
wait 5
[info] [phantom] Step anonymous 12/15: done in 9443ms.
[info] [phantom] Step anonymous 13/15: done in 9463ms.
[info] [phantom] Step _step 14/16: done in 9483ms.
[info] [phantom] wait() finished waiting for 5000ms.
[info] [phantom] Step anonymous 15/16: done in 14486ms.
